2017-10-17 00:11:12 INFO  CourseInteractor:34 - Course is created with title CS101 and capsize 26
@2017-10-17 00:11:12 INFO  CourseInteractor:34 - Course is created with title CS102 and capsize 26
@2017-10-17 00:11:12 INFO  CourseInteractor:34 - Course is created with title CS103 and capsize 26
@2017-10-17 00:11:12 INFO  CourseInteractor:34 - Course is created with title CS104 and capsize 26
@2017-10-17 00:11:12 INFO  CourseInteractor:34 - Course is created with title CS105 and capsize 26
@2017-10-17 00:11:12 INFO  CourseInteractor:34 - Course is created with title CS101 and capsize 26
@2017-10-17 00:11:12 INFO  CourseInteractor:34 - Course is created with title CS102 and capsize 26
@2017-10-17 00:11:12 INFO  CourseInteractor:34 - Course is created with title CS103 and capsize 26
@2017-10-17 00:11:12 INFO  CourseInteractor:34 - Course is created with title CS104 and capsize 26
@2017-10-17 00:11:12 INFO  CourseInteractor:34 - Course is created with title CS105 and capsize 26
@2017-10-17 00:11:12 INFO  CourseInteractor:34 - Course is created with title CS101 and capsize 26
@2017-10-17 00:11:12 INFO  CourseInteractor:34 - Course is created with title CS102 and capsize 26
@2017-10-17 00:11:12 INFO  CourseInteractor:34 - Course is created with title CS103 and capsize 26
@2017-10-17 00:11:12 INFO  CourseInteractor:34 - Course is created with title CS104 and capsize 26
@2017-10-17 00:11:12 INFO  CourseInteractor:34 - Course is created with title CS105 and capsize 26
@2017-10-17 00:11:12 INFO  CourseInteractor:34 - Course is created with title CS101 and capsize 26
@2017-10-17 00:11:12 INFO  CourseInteractor:34 - Course is created with title CS102 and capsize 26
@2017-10-17 00:11:12 INFO  CourseInteractor:34 - Course is created with title CS103 and capsize 26
@2017-10-17 00:11:12 INFO  CourseInteractor:34 - Course is created with title CS104 and capsize 26
@2017-10-17 00:11:12 INFO  CourseInteractor:34 - Course is created with title CS105 and capsize 26
@2017-10-17 00:11:12 INFO  CourseInteractor:34 - Course is created with title CS101 and capsize 26
@2017-10-17 00:11:12 INFO  CourseInteractor:34 - Course is created with title CS102 and capsize 26
@2017-10-17 00:11:12 INFO  CourseInteractor:34 - Course is created with title CS103 and capsize 26
@2017-10-17 00:11:12 INFO  CourseInteractor:34 - Course is created with title CS104 and capsize 26
@2017-10-17 00:11:12 INFO  CourseInteractor:34 - Course is created with title CS105 and capsize 26
@2017-10-17 00:11:12 INFO  CourseInteractor:34 - Course is created with title CS101 and capsize 26
@2017-10-17 00:11:12 INFO  CourseInteractor:34 - Course is created with title CS102 and capsize 26
@2017-10-17 00:11:12 INFO  CourseInteractor:34 - Course is created with title CS103 and capsize 26
@2017-10-17 00:11:12 INFO  CourseInteractor:34 - Course is created with title CS104 and capsize 26
@2017-10-17 00:11:12 INFO  CourseInteractor:34 - Course is created with title CS105 and capsize 26
@2017-10-17 00:11:12 INFO  University:48 - Max course count for full time student is 4
@2017-10-17 00:11:12 INFO  CourseInteractor:34 - Course is created with title CS101 and capsize 26
@2017-10-17 00:11:12 INFO  CourseInteractor:34 - Course is created with title CS102 and capsize 26
@2017-10-17 00:11:12 INFO  CourseInteractor:34 - Course is created with title CS103 and capsize 26
@2017-10-17 00:11:12 INFO  CourseInteractor:34 - Course is created with title CS104 and capsize 26
@2017-10-17 00:11:12 INFO  CourseInteractor:34 - Course is created with title CS105 and capsize 26
@2017-10-17 00:11:12 INFO  CourseInteractor:34 - Course is created with title CS101 and capsize 26
@2017-10-17 00:11:12 INFO  CourseInteractor:34 - Course is created with title CS102 and capsize 26
@2017-10-17 00:11:12 INFO  CourseInteractor:34 - Course is created with title CS103 and capsize 26
@2017-10-17 00:11:12 INFO  CourseInteractor:34 - Course is created with title CS104 and capsize 26
@2017-10-17 00:11:12 INFO  CourseInteractor:34 - Course is created with title CS105 and capsize 26
@2017-10-17 00:11:12 INFO  University:48 - Already registered for course
@2017-10-17 00:11:12 INFO  CourseInteractor:34 - Course is created with title CS101 and capsize 26
@2017-10-17 00:11:12 INFO  CourseInteractor:34 - Course is created with title CS102 and capsize 26
@2017-10-17 00:11:12 INFO  CourseInteractor:34 - Course is created with title CS103 and capsize 26
@2017-10-17 00:11:12 INFO  CourseInteractor:34 - Course is created with title CS104 and capsize 26
@2017-10-17 00:11:12 INFO  CourseInteractor:34 - Course is created with title CS105 and capsize 26
@2017-10-17 00:11:12 INFO  CourseInteractor:34 - Course is created with title CS101 and capsize 27
@2017-10-17 00:11:12 INFO  CourseInteractor:34 - Course is created with title CS101 and capsize 26
@2017-10-17 00:11:12 INFO  CourseInteractor:34 - Course is created with title CS102 and capsize 26
@2017-10-17 00:11:12 INFO  CourseInteractor:34 - Course is created with title CS103 and capsize 26
@2017-10-17 00:11:12 INFO  CourseInteractor:34 - Course is created with title CS104 and capsize 26
@2017-10-17 00:11:12 INFO  CourseInteractor:34 - Course is created with title CS105 and capsize 26
@2017-10-17 00:11:12 INFO  University:48 - Max course count for part time student is 2
@2017-10-17 00:14:01 INFO  CourseInteractor:34 - Course is created with title CS101 and capsize 26
@2017-10-17 00:14:01 INFO  CourseInteractor:34 - Course is created with title CS102 and capsize 26
@2017-10-17 00:14:01 INFO  CourseInteractor:34 - Course is created with title CS103 and capsize 26
@2017-10-17 00:14:01 INFO  CourseInteractor:34 - Course is created with title CS104 and capsize 26
@2017-10-17 00:14:01 INFO  CourseInteractor:34 - Course is created with title CS105 and capsize 26
@2017-10-17 00:14:01 INFO  CourseInteractor:34 - Course is created with title CS101 and capsize 26
@2017-10-17 00:14:01 INFO  CourseInteractor:34 - Course is created with title CS102 and capsize 26
@2017-10-17 00:14:01 INFO  CourseInteractor:34 - Course is created with title CS103 and capsize 26
@2017-10-17 00:14:01 INFO  CourseInteractor:34 - Course is created with title CS104 and capsize 26
@2017-10-17 00:14:01 INFO  CourseInteractor:34 - Course is created with title CS105 and capsize 26
@2017-10-17 00:14:01 INFO  CourseInteractor:34 - Course is created with title CS101 and capsize 26
@2017-10-17 00:14:01 INFO  CourseInteractor:34 - Course is created with title CS102 and capsize 26
@2017-10-17 00:14:01 INFO  CourseInteractor:34 - Course is created with title CS103 and capsize 26
@2017-10-17 00:14:01 INFO  CourseInteractor:34 - Course is created with title CS104 and capsize 26
@2017-10-17 00:14:01 INFO  CourseInteractor:34 - Course is created with title CS105 and capsize 26
@2017-10-17 00:14:01 INFO  CourseInteractor:34 - Course is created with title CS101 and capsize 26
@2017-10-17 00:14:01 INFO  CourseInteractor:34 - Course is created with title CS102 and capsize 26
@2017-10-17 00:14:01 INFO  CourseInteractor:34 - Course is created with title CS103 and capsize 26
@2017-10-17 00:14:01 INFO  CourseInteractor:34 - Course is created with title CS104 and capsize 26
@2017-10-17 00:14:01 INFO  CourseInteractor:34 - Course is created with title CS105 and capsize 26
@2017-10-17 00:14:01 INFO  CourseInteractor:34 - Course is created with title CS101 and capsize 26
@2017-10-17 00:14:01 INFO  CourseInteractor:34 - Course is created with title CS102 and capsize 26
@2017-10-17 00:14:01 INFO  CourseInteractor:34 - Course is created with title CS103 and capsize 26
@2017-10-17 00:14:01 INFO  CourseInteractor:34 - Course is created with title CS104 and capsize 26
@2017-10-17 00:14:01 INFO  CourseInteractor:34 - Course is created with title CS105 and capsize 26
@2017-10-17 00:14:01 INFO  CourseInteractor:34 - Course is created with title CS101 and capsize 26
@2017-10-17 00:14:01 INFO  CourseInteractor:34 - Course is created with title CS102 and capsize 26
@2017-10-17 00:14:01 INFO  CourseInteractor:34 - Course is created with title CS103 and capsize 26
@2017-10-17 00:14:01 INFO  CourseInteractor:34 - Course is created with title CS104 and capsize 26
@2017-10-17 00:14:01 INFO  CourseInteractor:34 - Course is created with title CS105 and capsize 26
@2017-10-17 00:14:01 INFO  University:47 - Max course count for full time student is 4
@2017-10-17 00:14:01 INFO  CourseInteractor:34 - Course is created with title CS101 and capsize 26
@2017-10-17 00:14:01 INFO  CourseInteractor:34 - Course is created with title CS102 and capsize 26
@2017-10-17 00:14:01 INFO  CourseInteractor:34 - Course is created with title CS103 and capsize 26
@2017-10-17 00:14:01 INFO  CourseInteractor:34 - Course is created with title CS104 and capsize 26
@2017-10-17 00:14:01 INFO  CourseInteractor:34 - Course is created with title CS105 and capsize 26
@2017-10-17 00:14:01 INFO  CourseInteractor:34 - Course is created with title CS101 and capsize 26
@2017-10-17 00:14:01 INFO  CourseInteractor:34 - Course is created with title CS102 and capsize 26
@2017-10-17 00:14:01 INFO  CourseInteractor:34 - Course is created with title CS103 and capsize 26
@2017-10-17 00:14:01 INFO  CourseInteractor:34 - Course is created with title CS104 and capsize 26
@2017-10-17 00:14:01 INFO  CourseInteractor:34 - Course is created with title CS105 and capsize 26
@2017-10-17 00:14:01 INFO  University:47 - Already registered for course
@2017-10-17 00:14:01 INFO  CourseInteractor:34 - Course is created with title CS101 and capsize 26
@2017-10-17 00:14:01 INFO  CourseInteractor:34 - Course is created with title CS102 and capsize 26
@2017-10-17 00:14:01 INFO  CourseInteractor:34 - Course is created with title CS103 and capsize 26
@2017-10-17 00:14:01 INFO  CourseInteractor:34 - Course is created with title CS104 and capsize 26
@2017-10-17 00:14:01 INFO  CourseInteractor:34 - Course is created with title CS105 and capsize 26
@2017-10-17 00:14:01 INFO  CourseInteractor:34 - Course is created with title CS101 and capsize 27
@2017-10-17 00:14:01 INFO  CourseInteractor:34 - Course is created with title CS101 and capsize 26
@2017-10-17 00:14:01 INFO  CourseInteractor:34 - Course is created with title CS102 and capsize 26
@2017-10-17 00:14:01 INFO  CourseInteractor:34 - Course is created with title CS103 and capsize 26
@2017-10-17 00:14:01 INFO  CourseInteractor:34 - Course is created with title CS104 and capsize 26
@2017-10-17 00:14:01 INFO  CourseInteractor:34 - Course is created with title CS105 and capsize 26
@2017-10-17 00:14:01 INFO  University:47 - Max course count for part time student is 2
@